<?xml version="1.0" encoding="UTF-8"?>
<!-- Generated by org.testng.reporters.JUnitReportReporter -->
<testsuite skipped="0" hostname="PUARAJ.local" name="com.appdirect.aditya.googleMyName.GoogleMyNameTest" tests="1" failures="0" timestamp="22 Mar 2017 14:52:00 GMT" time="3.672" errors="0">
  <testcase name="testGoogleMyName" time="3.672" classname="com.appdirect.aditya.googleMyName.GoogleMyNameTest"/>
</testsuite> <!-- com.appdirect.aditya.googleMyName.GoogleMyNameTest -->
